* using log directory ‘/home/vishwavani/Desktop/HVT/..Rcheck’
* using R version 4.3.1 (2023-06-16)
* using platform: x86_64-pc-linux-gnu (64-bit)
* R was compiled by
    gcc (Ubuntu 11.4.0-1ubuntu1~22.04) 11.4.0
    GNU Fortran (Ubuntu 11.4.0-1ubuntu1~22.04) 11.4.0
* running under: Ubuntu 22.04.4 LTS
* using session charset: UTF-8
* using options ‘--no-build-vignettes --as-cran’
* checking for file ‘./DESCRIPTION’ ... OK
* checking extension type ... Package
* this is package ‘HVT’ version ‘24.5.1’
* package encoding: UTF-8
* checking CRAN incoming feasibility ... [6s/71s] Note_to_CRAN_maintainers
Maintainer: ‘"Mu Sigma, Inc." <ird.experiencelab@mu-sigma.com>’
* checking package namespace information ... OK
* checking package dependencies ... OK
* checking if this is a source package ... NOTE
Subdirectory ‘HVT.Rcheck/HVT’ seems to contain an installed version of the package.
* checking if there is a namespace ... OK
* checking for executable files ... OK
* checking for hidden files and directories ... NOTE
Found the following hidden files and directories:
  .gitattributes
  .gitignore
  HVT.Rcheck/00_pkg_src/HVT/vignettes/.RData
  ..Rcheck
  .git
These were most likely included in error. See section ‘Package
structure’ in the ‘Writing R Extensions’ manual.

CRAN-pack does not know about
  HVT.Rcheck/00_pkg_src/HVT/vignettes/.RData
  ..Rcheck
  .git
* checking for portable file names ... OK
* checking for sufficient/correct file permissions ... OK
* checking whether package ‘HVT’ can be installed ... OK
* checking installed package size ... NOTE
  installed size is 82.5Mb
  sub-directories of 1Mb or more:
    doc      73.7Mb
    extdata   8.4Mb
* checking package directory ... OK
* checking for future file timestamps ... OK
* checking ‘build’ directory ... OK
* checking DESCRIPTION meta-information ... OK
* checking top-level files ... NOTE
File
  LICENSE
is not mentioned in the DESCRIPTION file.
Non-standard files/directories found at top level:
  ‘CRAN-SUBMISSION’ ‘HVT.Rcheck’ ‘HVT.Rproj’ ‘HVT_24.5.1.tar.gz’ ‘Meta’
  ‘README.html’ ‘cran-comments.md’
* checking for left-over files ... OK
* checking index information ... OK
* checking package subdirectories ... WARNING
Found the following directories with names of check directories:
  ./..Rcheck
  ./HVT.Rcheck
Most likely, these were included erroneously.
Found the following directory with the name of a version control directory:
  ./.git
These should not be in a package tarball.
* checking R files for non-ASCII characters ... OK
* checking R files for syntax errors ... OK
* checking whether the package can be loaded ... OK
* checking whether the package can be loaded with stated dependencies ... OK
* checking whether the package can be unloaded cleanly ... OK
* checking whether the namespace can be loaded with stated dependencies ... OK
* checking whether the namespace can be unloaded cleanly ... OK
* checking loading without being on the library search path ... OK
* checking use of S3 registration ... OK
* checking dependencies in R code ... OK
* checking S3 generic/method consistency ... OK
* checking replacement functions ... OK
* checking foreign function calls ... OK
* checking R code for possible problems ... [10s/11s] OK
* checking Rd files ... OK
* checking Rd metadata ... OK
* checking Rd line widths ... OK
* checking Rd cross-references ... OK
* checking for missing documentation entries ... OK
* checking for code/documentation mismatches ... OK
* checking Rd \usage sections ... OK
* checking Rd contents ... OK
* checking for unstated dependencies in examples ... OK
* checking installed files from ‘inst/doc’ ... OK
* checking files in ‘vignettes’ ... OK
* checking examples ... ERROR
Running examples in ‘HVT-Ex.R’ failed
The error most likely occurred in:

> base::assign(".ptime", proc.time(), pos = "CheckExEnv")
> ### Name: getTransitionProbability
> ### Title: Creating Transition Probabilities list
> ### Aliases: getTransitionProbability
> ### Keywords: Transition_or_Prediction
> 
> ### ** Examples
> 
> dataset <- data.frame(date = as.numeric(time(EuStockMarkets)),
+                       DAX = EuStockMarkets[, "DAX"],
+                       SMI = EuStockMarkets[, "SMI"],
+                       CAC = EuStockMarkets[, "CAC"],
+                       FTSE = EuStockMarkets[, "FTSE"])
> hvt.results<- trainHVT(dataset,n_cells = 60, depth = 1, quant.err = 0.1,
+                        distance_metric = "L1_Norm", error_metric = "max",
+                        normalize = TRUE,quant_method = "kmeans")
> scoring <- scoreHVT(dataset, hvt.results)

Execution halted
* checking for unstated dependencies in ‘tests’ ... OK
* checking tests ... ERROR
  Running ‘testthat.R’
Running the tests in ‘tests/testthat.R’ failed.
Complete output:
  > 
  > library(testthat)
  > library(HVT)
  
  Execution halted
* checking for unstated dependencies in vignettes ... OK
* checking package vignettes in ‘inst/doc’ ... OK
* checking running R code from vignettes ... ERROR
Errors in running code in vignettes:
when running code in ‘HVT.Rmd’
  ...

Execution halted

... incomplete output.  Crash?

  ‘HVT.Rmd’ using ‘UTF-8’... failed to complete the test
  ‘HVT_Temporal_Analysis.Rmd’ using ‘UTF-8’... OK
  ‘HVT_model_diagnostics_vignette.Rmd’ using ‘UTF-8’... OK
  ‘HVT_vignette.Rmd’ using ‘UTF-8’... OK
  ‘Scoring_Cells_with_Layers_using_scoreLayeredHVT.Rmd’ using ‘UTF-8’... OK
* checking re-building of vignette outputs ... SKIPPED
* checking PDF version of manual ... WARNING
LaTeX errors when creating PDF version.
This typically indicates Rd problems.
LaTeX errors found:
! Interruption.
<argument> \__file_size:n {pdfescape.sty}
                                         
l.113 \RequirePackage{pdfescape}[2007/11/11]
                                            
! Emergency stop.
<argument> \__file_size:n {pdfescape.sty}
                                         
l.113 \RequirePackage{pdfescape}[2007/11/11]
                                            
!  ==> Fatal error occurred, no output PDF file produced!
* checking PDF version of manual without index ... ERROR
Re-running with no redirection of stdout/stderr.
* checking HTML version of manual ... OK
* checking for non-standard things in the check directory ... NOTE
Found the following files/directories:
  ‘HVT-manual.tex’
* checking for detritus in the temp directory ... OK
* DONE
Status: 4 ERRORs, 2 WARNINGs, 5 NOTEs
